# JRE version: Java(TM) SE Runtime Environment (17.0.9+11) (build 17.0.9+11-LTS-201)
# Java VM: Java HotSpot(TM) 64-Bit Server VM (17.0.9+11-LTS-201, mixed mode, sharing, tiered, compressed oops, compressed class ptrs, g1 gc, windows-amd64)
GC Precious Log:
 CPUs: 4 total, 4 available
 Memory: 3993M
 Large Page Support: Disabled
 NUMA Support: Disabled
 Compressed Oops: Enabled (32-bit)
 Heap Region Size: 1M
 Heap Min Capacity: 8M
 Heap Initial Capacity: 64M
 Heap Max Capacity: 1000M
 Pre-touch: Disabled
 Parallel Workers: 4
 Concurrent Workers: 1
 Concurrent Refinement Workers: 4
 Periodic GC: Disabled
Heap:
 garbage-first heap   total 87040K, used 52070K [0x00000000c1800000, 0x0000000100000000)
  region size 1024K, 3 young (3072K), 3 survivors (3072K)
 Metaspace       used 57169K, committed 57472K, reserved 1114112K
  class space    used 6827K, committed 6976K, reserved 1048576K
GC Heap History (20 events):
Event: 20.252 GC heap after
{Heap after GC invocations=17 (full 0):
 garbage-first heap   total 65536K, used 37465K [0x00000000c1800000, 0x0000000100000000)
  region size 1024K, 2 young (2048K), 2 survivors (2048K)
 Metaspace       used 40346K, committed 40512K, reserved 1114112K
  class space    used 4979K, committed 5056K, reserved 1048576K
}
Event: 21.451 GC heap before
{Heap before GC invocations=18 (full 0):
 garbage-first heap   total 65536K, used 50777K [0x00000000c1800000, 0x0000000100000000)
  region size 1024K, 16 young (16384K), 2 survivors (2048K)
 Metaspace       used 42109K, committed 42368K, reserved 1114112K
  class space    used 5108K, committed 5184K, reserved 1048576K
}
Event: 21.463 GC heap after
{Heap after GC invocations=19 (full 0):
 garbage-first heap   total 65536K, used 39841K [0x00000000c1800000, 0x0000000100000000)
  region size 1024K, 2 young (2048K), 2 survivors (2048K)
 Metaspace       used 42109K, committed 42368K, reserved 1114112K
  class space    used 5108K, committed 5184K, reserved 1048576K
}
Event: 22.142 GC heap before
{Heap before GC invocations=19 (full 0):
 garbage-first heap   total 65536K, used 52129K [0x00000000c1800000, 0x0000000100000000)
  region size 1024K, 14 young (14336K), 2 survivors (2048K)
 Metaspace       used 42510K, committed 42688K, reserved 1114112K
  class space    used 5124K, committed 5184K, reserved 1048576K
}
Event: 22.159 GC heap after
{Heap after GC invocations=20 (full 0):
 garbage-first heap   total 78848K, used 42147K [0x00000000c1800000, 0x0000000100000000)
  region size 1024K, 2 young (2048K), 2 survivors (2048K)
 Metaspace       used 42510K, committed 42688K, reserved 1114112K
  class space    used 5124K, committed 5184K, reserved 1048576K
}
Event: 23.089 GC heap before
{Heap before GC invocations=21 (full 0):
 garbage-first heap   total 78848K, used 60579K [0x00000000c1800000, 0x0000000100000000)
  region size 1024K, 20 young (20480K), 2 survivors (2048K)
 Metaspace       used 42671K, committed 42944K, reserved 1114112K
  class space    used 5131K, committed 5248K, reserved 1048576K
}
Event: 23.107 GC heap after
{Heap after GC invocations=22 (full 0):
 garbage-first heap   total 78848K, used 45654K [0x00000000c1800000, 0x0000000100000000)
  region size 1024K, 3 young (3072K), 3 survivors (3072K)
 Metaspace       used 42671K, committed 42944K, reserved 1114112K
  class space    used 5131K, committed 5248K, reserved 1048576K
}
Event: 24.242 GC heap before
{Heap before GC invocations=22 (full 0):
 garbage-first heap   total 78848K, used 62038K [0x00000000c1800000, 0x0000000100000000)
  region size 1024K, 19 young (19456K), 3 survivors (3072K)
 Metaspace       used 44303K, committed 44544K, reserved 1114112K
  class space    used 5297K, committed 5440K, reserved 1048576K
}
Event: 24.261 GC heap after
{Heap after GC invocations=23 (full 0):
 garbage-first heap   total 78848K, used 47319K [0x00000000c1800000, 0x0000000100000000)
  region size 1024K, 2 young (2048K), 2 survivors (2048K)
 Metaspace       used 44303K, committed 44544K, reserved 1114112K
  class space    used 5297K, committed 5440K, reserved 1048576K
}
Event: 25.749 GC heap before
{Heap before GC invocations=24 (full 0):
 garbage-first heap   total 81920K, used 62679K [0x00000000c1800000, 0x0000000100000000)
  region size 1024K, 17 young (17408K), 2 survivors (2048K)
 Metaspace       used 46072K, committed 46336K, reserved 1114112K
  class space    used 5514K, committed 5632K, reserved 1048576K
}
Event: 25.785 GC heap after
{Heap after GC invocations=25 (full 0):
 garbage-first heap   total 81920K, used 48451K [0x00000000c1800000, 0x0000000100000000)
  region size 1024K, 3 young (3072K), 3 survivors (3072K)
 Metaspace       used 46072K, committed 46336K, reserved 1114112K
  class space    used 5514K, committed 5632K, reserved 1048576K
}
Event: 25.978 GC heap before
{Heap before GC invocations=25 (full 0):
 garbage-first heap   total 81920K, used 49475K [0x00000000c1800000, 0x0000000100000000)
  region size 1024K, 4 young (4096K), 3 survivors (3072K)
 Metaspace       used 46370K, committed 46656K, reserved 1114112K
  class space    used 5526K, committed 5696K, reserved 1048576K
}
Event: 25.993 GC heap after
{Heap after GC invocations=26 (full 0):
 garbage-first heap   total 81920K, used 47769K [0x00000000c1800000, 0x0000000100000000)
  region size 1024K, 1 young (1024K), 1 survivors (1024K)
 Metaspace       used 46370K, committed 46656K, reserved 1114112K
  class space    used 5526K, committed 5696K, reserved 1048576K
}
Event: 27.893 GC heap before
{Heap before GC invocations=26 (full 0):
 garbage-first heap   total 81920K, used 65177K [0x00000000c1800000, 0x0000000100000000)
  region size 1024K, 18 young (18432K), 1 survivors (1024K)
 Metaspace       used 51544K, committed 51776K, reserved 1114112K
  class space    used 6273K, committed 6400K, reserved 1048576K
}
Event: 27.902 GC heap after
{Heap after GC invocations=27 (full 0):
 garbage-first heap   total 81920K, used 48461K [0x00000000c1800000, 0x0000000100000000)
  region size 1024K, 2 young (2048K), 2 survivors (2048K)
 Metaspace       used 51544K, committed 51776K, reserved 1114112K
  class space    used 6273K, committed 6400K, reserved 1048576K
}
Event: 29.219 GC heap before
{Heap before GC invocations=28 (full 0):
 garbage-first heap   total 87040K, used 64845K [0x00000000c1800000, 0x0000000100000000)
  region size 1024K, 18 young (18432K), 2 survivors (2048K)
 Metaspace       used 54342K, committed 54656K, reserved 1114112K
  class space    used 6582K, committed 6720K, reserved 1048576K
}
Event: 29.233 GC heap after
{Heap after GC invocations=29 (full 0):
 garbage-first heap   total 87040K, used 50549K [0x00000000c1800000, 0x0000000100000000)
  region size 1024K, 3 young (3072K), 3 survivors (3072K)
 Metaspace       used 54342K, committed 54656K, reserved 1114112K
  class space    used 6582K, committed 6720K, reserved 1048576K
}
Event: 29.261 GC heap before
{Heap before GC invocations=29 (full 0):
 garbage-first heap   total 87040K, used 51573K [0x00000000c1800000, 0x0000000100000000)
  region size 1024K, 4 young (4096K), 3 survivors (3072K)
 Metaspace       used 54352K, committed 54656K, reserved 1114112K
  class space    used 6582K, committed 6720K, reserved 1048576K
}
Event: 29.275 GC heap after
{Heap after GC invocations=30 (full 0):
 garbage-first heap   total 87040K, used 50447K [0x00000000c1800000, 0x0000000100000000)
  region size 1024K, 1 young (1024K), 1 survivors (1024K)
 Metaspace       used 54352K, committed 54656K, reserved 1114112K
  class space    used 6582K, committed 6720K, reserved 1048576K
}
Event: 30.344 GC heap before
{Heap before GC invocations=30 (full 0):
 garbage-first heap   total 87040K, used 68879K [0x00000000c1800000, 0x0000000100000000)
  region size 1024K, 20 young (20480K), 1 survivors (1024K)
 Metaspace       used 57169K, committed 57472K, reserved 1114112K
  class space    used 6827K, committed 6976K, reserved 1048576K
}

